<?xml version="1.0" encoding="UTF-8"?>
<testng-results ignored="0" total="4" passed="4" failed="0" skipped="0">
  <reporter-output>
  </reporter-output>
  <suite started-at="2023-08-27T19:47:20 IST" name="TutorialsNinja Automation Suite" finished-at="2023-08-27T19:48:05 IST" duration-ms="45265">
    <groups>
    </groups>
    <test started-at="2023-08-27T19:47:20 IST" name="TutorialsNinja Tests" finished-at="2023-08-27T19:48:05 IST" duration-ms="45265">
      <class name="com.tutorialsninja.qa.testcases.RegisterTest">
        <test-method is-config="true" signature="setup()[pri:0, instance:com.tutorialsninja.qa.testcases.RegisterTest@7d4f9aae]" started-at="2023-08-27T19:47:20 IST" name="setup" finished-at="2023-08-27T19:47:31 IST" duration-ms="10663" status="PASS">
          <reporter-output>
          </reporter-output>
        </test-method> <!-- setup -->
        <test-method signature="verifyRegisteringAnAccountWithMandatoryFields()[pri:1, instance:com.tutorialsninja.qa.testcases.RegisterTest@7d4f9aae]" started-at="2023-08-27T19:47:31 IST" name="verifyRegisteringAnAccountWithMandatoryFields" finished-at="2023-08-27T19:47:33 IST" duration-ms="2408" status="PASS">
          <reporter-output>
          </reporter-output>
        </test-method> <!-- verifyRegisteringAnAccountWithMandatoryFields -->
        <test-method is-config="true" signature="tearDown()[pri:0, instance:com.tutorialsninja.qa.testcases.RegisterTest@7d4f9aae]" started-at="2023-08-27T19:47:33 IST" name="tearDown" finished-at="2023-08-27T19:47:34 IST" duration-ms="415" status="PASS">
          <reporter-output>
          </reporter-output>
        </test-method> <!-- tearDown -->
        <test-method is-config="true" signature="setup()[pri:0, instance:com.tutorialsninja.qa.testcases.RegisterTest@7d4f9aae]" started-at="2023-08-27T19:47:34 IST" name="setup" finished-at="2023-08-27T19:47:42 IST" duration-ms="7861" status="PASS">
          <reporter-output>
          </reporter-output>
        </test-method> <!-- setup -->
        <test-method signature="verifyRegisteringAccountByProvidingAllFields()[pri:2, instance:com.tutorialsninja.qa.testcases.RegisterTest@7d4f9aae]" started-at="2023-08-27T19:47:42 IST" name="verifyRegisteringAccountByProvidingAllFields" finished-at="2023-08-27T19:47:44 IST" duration-ms="2544" status="PASS">
          <reporter-output>
          </reporter-output>
        </test-method> <!-- verifyRegisteringAccountByProvidingAllFields -->
        <test-method is-config="true" signature="tearDown()[pri:0, instance:com.tutorialsninja.qa.testcases.RegisterTest@7d4f9aae]" started-at="2023-08-27T19:47:44 IST" name="tearDown" finished-at="2023-08-27T19:47:45 IST" duration-ms="525" status="PASS">
          <reporter-output>
          </reporter-output>
        </test-method> <!-- tearDown -->
        <test-method is-config="true" signature="setup()[pri:0, instance:com.tutorialsninja.qa.testcases.RegisterTest@7d4f9aae]" started-at="2023-08-27T19:47:45 IST" name="setup" finished-at="2023-08-27T19:47:53 IST" duration-ms="8248" status="PASS">
          <reporter-output>
          </reporter-output>
        </test-method> <!-- setup -->
        <test-method signature="verifyRegisteringAccountWithExistingEmailAddress()[pri:3, instance:com.tutorialsninja.qa.testcases.RegisterTest@7d4f9aae]" started-at="2023-08-27T19:47:53 IST" name="verifyRegisteringAccountWithExistingEmailAddress" finished-at="2023-08-27T19:47:55 IST" duration-ms="1903" status="PASS">
          <reporter-output>
          </reporter-output>
        </test-method> <!-- verifyRegisteringAccountWithExistingEmailAddress -->
        <test-method is-config="true" signature="tearDown()[pri:0, instance:com.tutorialsninja.qa.testcases.RegisterTest@7d4f9aae]" started-at="2023-08-27T19:47:55 IST" name="tearDown" finished-at="2023-08-27T19:47:55 IST" duration-ms="408" status="PASS">
          <reporter-output>
          </reporter-output>
        </test-method> <!-- tearDown -->
        <test-method is-config="true" signature="setup()[pri:0, instance:com.tutorialsninja.qa.testcases.RegisterTest@7d4f9aae]" started-at="2023-08-27T19:47:55 IST" name="setup" finished-at="2023-08-27T19:48:04 IST" duration-ms="8246" status="PASS">
          <reporter-output>
          </reporter-output>
        </test-method> <!-- setup -->
        <test-method signature="verifyRegisteringAccountWithoutFillingAnyDetails()[pri:4, instance:com.tutorialsninja.qa.testcases.RegisterTest@7d4f9aae]" started-at="2023-08-27T19:48:04 IST" name="verifyRegisteringAccountWithoutFillingAnyDetails" finished-at="2023-08-27T19:48:05 IST" duration-ms="912" status="PASS">
          <reporter-output>
          </reporter-output>
        </test-method> <!-- verifyRegisteringAccountWithoutFillingAnyDetails -->
        <test-method is-config="true" signature="tearDown()[pri:0, instance:com.tutorialsninja.qa.testcases.RegisterTest@7d4f9aae]" started-at="2023-08-27T19:48:05 IST" name="tearDown" finished-at="2023-08-27T19:48:05 IST" duration-ms="466" status="PASS">
          <reporter-output>
          </reporter-output>
        </test-method> <!-- tearDown -->
      </class> <!-- com.tutorialsninja.qa.testcases.RegisterTest -->
    </test> <!-- TutorialsNinja Tests -->
  </suite> <!-- TutorialsNinja Automation Suite -->
</testng-results>
