<?xml version="1.0" encoding="UTF-8"?>
<testng-results ignored="0" total="4" passed="4" failed="0" skipped="0">
  <reporter-output>
  </reporter-output>
  <suite started-at="2023-08-27T17:29:16 IST" name="TutorialsNinja Automation Suite" finished-at="2023-08-27T17:29:52 IST" duration-ms="36400">
    <groups>
    </groups>
    <test started-at="2023-08-27T17:29:16 IST" name="TutorialsNinja Tests" finished-at="2023-08-27T17:29:52 IST" duration-ms="36400">
      <class name="com.tutorialsninja.qa.testcases.RegisterTest">
        <test-method is-config="true" signature="setup()[pri:0, instance:com.tutorialsninja.qa.testcases.RegisterTest@7d4f9aae]" started-at="2023-08-27T17:29:16 IST" name="setup" finished-at="2023-08-27T17:29:25 IST" duration-ms="8930" status="PASS">
          <reporter-output>
          </reporter-output>
        </test-method> <!-- setup -->
        <test-method signature="verifyRegisteringAnAccountWithMandatoryFields()[pri:1, instance:com.tutorialsninja.qa.testcases.RegisterTest@7d4f9aae]" started-at="2023-08-27T17:29:25 IST" name="verifyRegisteringAnAccountWithMandatoryFields" finished-at="2023-08-27T17:29:27 IST" duration-ms="1330" status="PASS">
          <reporter-output>
          </reporter-output>
        </test-method> <!-- verifyRegisteringAnAccountWithMandatoryFields -->
        <test-method is-config="true" signature="tearDown()[pri:0, instance:com.tutorialsninja.qa.testcases.RegisterTest@7d4f9aae]" started-at="2023-08-27T17:29:27 IST" name="tearDown" finished-at="2023-08-27T17:29:27 IST" duration-ms="226" status="PASS">
          <reporter-output>
          </reporter-output>
        </test-method> <!-- tearDown -->
        <test-method is-config="true" signature="setup()[pri:0, instance:com.tutorialsninja.qa.testcases.RegisterTest@7d4f9aae]" started-at="2023-08-27T17:29:27 IST" name="setup" finished-at="2023-08-27T17:29:34 IST" duration-ms="7099" status="PASS">
          <reporter-output>
          </reporter-output>
        </test-method> <!-- setup -->
        <test-method signature="verifyRegisteringAccountByProvidingAllFields()[pri:2, instance:com.tutorialsninja.qa.testcases.RegisterTest@7d4f9aae]" started-at="2023-08-27T17:29:34 IST" name="verifyRegisteringAccountByProvidingAllFields" finished-at="2023-08-27T17:29:35 IST" duration-ms="1250" status="PASS">
          <reporter-output>
          </reporter-output>
        </test-method> <!-- verifyRegisteringAccountByProvidingAllFields -->
        <test-method is-config="true" signature="tearDown()[pri:0, instance:com.tutorialsninja.qa.testcases.RegisterTest@7d4f9aae]" started-at="2023-08-27T17:29:35 IST" name="tearDown" finished-at="2023-08-27T17:29:35 IST" duration-ms="239" status="PASS">
          <reporter-output>
          </reporter-output>
        </test-method> <!-- tearDown -->
        <test-method is-config="true" signature="setup()[pri:0, instance:com.tutorialsninja.qa.testcases.RegisterTest@7d4f9aae]" started-at="2023-08-27T17:29:35 IST" name="setup" finished-at="2023-08-27T17:29:43 IST" duration-ms="7272" status="PASS">
          <reporter-output>
          </reporter-output>
        </test-method> <!-- setup -->
        <test-method signature="verifyRegisteringAccountWithExistingEmailAddress()[pri:3, instance:com.tutorialsninja.qa.testcases.RegisterTest@7d4f9aae]" started-at="2023-08-27T17:29:43 IST" name="verifyRegisteringAccountWithExistingEmailAddress" finished-at="2023-08-27T17:29:44 IST" duration-ms="1190" status="PASS">
          <reporter-output>
          </reporter-output>
        </test-method> <!-- verifyRegisteringAccountWithExistingEmailAddress -->
        <test-method is-config="true" signature="tearDown()[pri:0, instance:com.tutorialsninja.qa.testcases.RegisterTest@7d4f9aae]" started-at="2023-08-27T17:29:44 IST" name="tearDown" finished-at="2023-08-27T17:29:44 IST" duration-ms="238" status="PASS">
          <reporter-output>
          </reporter-output>
        </test-method> <!-- tearDown -->
        <test-method is-config="true" signature="setup()[pri:0, instance:com.tutorialsninja.qa.testcases.RegisterTest@7d4f9aae]" started-at="2023-08-27T17:29:44 IST" name="setup" finished-at="2023-08-27T17:29:51 IST" duration-ms="7365" status="PASS">
          <reporter-output>
          </reporter-output>
        </test-method> <!-- setup -->
        <test-method signature="verifyRegisteringAccountWithoutFillingAnyDetails()[pri:4, instance:com.tutorialsninja.qa.testcases.RegisterTest@7d4f9aae]" started-at="2023-08-27T17:29:51 IST" name="verifyRegisteringAccountWithoutFillingAnyDetails" finished-at="2023-08-27T17:29:52 IST" duration-ms="590" status="PASS">
          <reporter-output>
          </reporter-output>
        </test-method> <!-- verifyRegisteringAccountWithoutFillingAnyDetails -->
        <test-method is-config="true" signature="tearDown()[pri:0, instance:com.tutorialsninja.qa.testcases.RegisterTest@7d4f9aae]" started-at="2023-08-27T17:29:52 IST" name="tearDown" finished-at="2023-08-27T17:29:52 IST" duration-ms="303" status="PASS">
          <reporter-output>
          </reporter-output>
        </test-method> <!-- tearDown -->
      </class> <!-- com.tutorialsninja.qa.testcases.RegisterTest -->
    </test> <!-- TutorialsNinja Tests -->
  </suite> <!-- TutorialsNinja Automation Suite -->
</testng-results>
